<?xml version="1.0" encoding="UTF-8"?>
<!-- Generated by org.testng.reporters.JUnitXMLReporter -->
<testsuite ignored="2" hostname="SaiSravani" failures="0" tests="1" name="Default test" time="0.06" errors="0" timestamp="2025-04-15T12:15:52 CEST">
  <testcase classname="tests.streamExercises" name="streamCollect" time="0.017"/>
  <testcase classname="tests.streamExercises" name="streamFilter" time="0.0">
    <ignored/>
  </testcase> <!-- streamFilter -->
  <testcase classname="tests.streamExercises" name="streamMap" time="0.0">
    <ignored/>
  </testcase> <!-- streamMap -->
</testsuite> <!-- Default test -->
