<?xml version="1.0" encoding="UTF-8"?>
<testng-results ignored="2" total="3" passed="1" failed="0" skipped="0">
  <reporter-output>
  </reporter-output>
  <suite started-at="2025-04-15T12:15:52 CEST" name="Default suite" finished-at="2025-04-15T12:15:52 CEST" duration-ms="60">
    <groups>
    </groups>
    <test started-at="2025-04-15T12:15:52 CEST" name="Default test" finished-at="2025-04-15T12:15:52 CEST" duration-ms="60">
      <class name="tests.streamExercises">
        <test-method signature="streamCollect()[pri:0, instance:tests.streamExercises@368f2016]" started-at="2025-04-15T12:15:52 CEST" name="streamCollect" finished-at="2025-04-15T12:15:52 CEST" duration-ms="17" status="PASS">
          <reporter-output>
          </reporter-output>
        </test-method> <!-- streamCollect -->
      </class> <!-- tests.streamExercises -->
    </test> <!-- Default test -->
  </suite> <!-- Default suite -->
</testng-results>
